{
"Synplify Pro (R) Job Log" : {
	"Date" : "14:18:10    24-Feb-2025",
	"Working Directory" : "C:/Users/anana/Documents/JPL/Interrupts/icicle-kit-reference-design-master/MPFS_ICICLE/synthesis",
	"Install" : "D:/Microchip/Libero_SoC_v2024.1/SynplifyPro"
},
"synthesis" :{
   "Job Flow" : "Sequential",
   "Start Time" : "14:14:51",
   "Runtime" : "03m:19s",
   "Executable Run Time" : "03m:17s",
   "synthesis" : {
      "Job Flow" : "Sequential",
      "Start Time" : "14:14:51",
      "Runtime" : "03m:19s",
      "Executable Run Time" : "03m:17s",
      "compile" : {
         "Job Flow" : "Sequential",
         "Start Time" : "14:14:51",
         "Runtime" : "01m:57s",
         "Executable Run Time" : "01m:55s",
         "compile_flow" : {
            "Job Flow" : "Sequential",
            "Start Time" : "14:14:51",
            "Runtime" : "01m:28s",
            "Executable Run Time" : "01m:26s",
            "compiler" : {
               "executable" : "bin64/c_hdl.exe",
               "Run Directory" : "C:/Users/anana/Documents/JPL/Interrupts/icicle-kit-reference-design-master/MPFS_ICICLE/synthesis",
               "Run State" : "Complete",
               "Return Code" : "0",
               "Has Errors" : "no",
               "Run Start Time" : "14:14:51",
               "Run Time" : "01m:24s",
               "Exe Run Time" : "01m:23s",
               "Memory Usage" : "-",
               "Up-to-date (run skipped)" : "no"
            },
            "multi_srs_gen" : {
               "executable" : "bin64/syn_nfilter.exe",
               "Run Directory" : "C:/Users/anana/Documents/JPL/Interrupts/icicle-kit-reference-design-master/MPFS_ICICLE/synthesis",
               "Run State" : "Complete",
               "Return Code" : "0",
               "Has Errors" : "no",
               "Run Start Time" : "14:16:16",
               "Run Time" : "03s",
               "Exe Run Time" : "03s",
               "Memory Usage" : "-",
               "Up-to-date (run skipped)" : "no"
            }
         },
         "premap" : {
            "executable" : "bin64/m_generic.exe",
            "Run Directory" : "C:/Users/anana/Documents/JPL/Interrupts/icicle-kit-reference-design-master/MPFS_ICICLE/synthesis",
            "Run State" : "Complete",
            "Return Code" : "1",
            "Has Errors" : "no",
            "Run Start Time" : "14:16:19",
            "Run Time" : "29s",
            "Exe Run Time" : "29s",
            "Memory Usage" : "-",
            "Up-to-date (run skipped)" : "no"
         }
      },
      "map" : {
         "Job Flow" : "Sequential",
         "Start Time" : "14:16:48",
         "Runtime" : "01m:22s",
         "Executable Run Time" : "01m:22s",
         "fpga_mapper" : {
            "executable" : "bin64/m_generic.exe",
            "Run Directory" : "C:/Users/anana/Documents/JPL/Interrupts/icicle-kit-reference-design-master/MPFS_ICICLE/synthesis",
            "Run State" : "Complete",
            "Return Code" : "1",
            "Has Errors" : "no",
            "Run Start Time" : "14:16:48",
            "Run Time" : "01m:22s",
            "Exe Run Time" : "01m:22s",
            "Memory Usage" : "-",
            "Up-to-date (run skipped)" : "no"
         }
      }
   }
}
}