Compile Report
Microchip Technology Inc. - Microchip Libero Software Release v2024.1 (Version 2024.1.0.3)
Date: Mon Feb 24 14:18:59 2025

Device Selection
+------------------------+--------------+
| Family                 | PolarFireSoC |
| Device                 | MPFS250T_ES  |
| Package                | FCVG484      |
| Speed Grade            | STD          |
| Core Voltage           | 1.05V        |
| Part Range             | EXT          |
| Default I/O technology | LVCMOS 1.8V  |
+------------------------+--------------+

Source Files
+---------+---------------------------------------------------------------------------------------------------------------------------------+
| Topcell | MPFS_ICICLE_KIT_BASE_DESIGN                                                                                                     |
| Format  | Verilog                                                                                                                         |
| Source  | C:\Users\anana\Documents\JPL\Interrupts\icicle-kit-reference-design-master\MPFS_ICICLE\synthesis\MPFS_ICICLE_KIT_BASE_DESIGN.vm |
+---------+---------------------------------------------------------------------------------------------------------------------------------+

Options
+----------------------------------------------------+----+
| Limit the number of high fanout nets to display to | 10 |
+----------------------------------------------------+----+

Resource Usage
+---------------------------+-------+--------+------------+
| Type                      | Used  | Total  | Percentage |
+---------------------------+-------+--------+------------+
| 4LUT                      | 16760 | 254196 | 6.59       |
| DFF                       | 14002 | 254196 | 5.51       |
| I/O Register              | 0     | 432    | 0.00       |
| User I/O                  | 65    | 144    | 45.14      |
| -- Single-ended I/O       | 65    | 144    | 45.14      |
| -- Differential I/O Pairs | 0     | 72     | 0.00       |
| uSRAM                     | 69    | 2352   | 2.93       |
| LSRAM                     | 21    | 812    | 2.59       |
| Math                      | 0     | 784    | 0.00       |
| H-Chip Global             | 11    | 48     | 22.92      |
| PLL                       | 1     | 8      | 12.50      |
| DLL                       | 0     | 8      | 0.00       |
| CRN_INT                   | 1     | 24     | 4.17       |
| INIT                      | 1     | 1      | 100.00     |
| OSC_RC160MHZ              | 1     | 1      | 100.00     |
| DRI                       | 1     | 1      | 100.00     |
| Transceiver Lanes         | 4     | 4      | 100.00     |
| Transceiver PCIe          | 1     | 2      | 50.00      |
| TX_PLL                    | 1     | 11     | 9.09       |
| LINK                      | 1     | 10     | 10.00      |
| XCVR_REF_CLK              | 1     | 3      | 33.33      |
| PCIE_COMMON               | 1     | 1      | 100.00     |
| ICB_CLKDIV                | 1     | 24     | 4.17       |
| ICB_CLKINT                | 5     | 72     | 6.94       |
| NGMUX                     | 1     | 12     | 8.33       |
| ICB_INT                   | 1     | 12     | 8.33       |
| MSS                       | 1     | 1      | 100.00     |
| MSS I/O                   | 103   | 136    | 75.74      |
+---------------------------+-------+--------+------------+

Detailed Logic Resource Usage
+-----------------------+-------+-------+
| Type                  | 4LUT  | DFF   |
+-----------------------+-------+-------+
| Fabric Logic          | 15176 | 12418 |
| uSRAM Interface Logic | 828   | 828   |
| LSRAM Interface Logic | 756   | 756   |
| Math Interface Logic  | 0     | 0     |
| Total Used            | 16760 | 14002 |
+-----------------------+-------+-------+

Detailed Carry Chains Resource Usage
+--------+------+
| Length | Used |
| 2      | 1    |
| 3      | 4    |
| 6      | 7    |
| 7      | 6    |
| 8      | 26   |
| 9      | 22   |
| 10     | 9    |
| 11     | 14   |
| 12     | 4    |
| 13     | 9    |
| 14     | 9    |
| 17     | 4    |
| 23     | 2    |
| 24     | 1    |
| 25     | 5    |
| 32     | 3    |
| 33     | 6    |
| Total  | 132  |
+--------+------+

Detailed 4LUT Groups Resource Usage
+--------+------+
| Length | Used |
| 2      | 398  |
| 5      | 21   |
| 22     | 2    |
| Total  | 421  |
+--------+------+

I/O Function
+-------------------------------+--------------+-------------+-----------------+
| Type                          | w/o register | w/ register | w/ DDR register |
+-------------------------------+--------------+-------------+-----------------+
| Input I/O                     | 11           | 0           | 0               |
| Output I/O                    | 29           | 0           | 0               |
| Bidirectional I/O             | 25           | 0           | 0               |
| Differential Input I/O Pairs  | 0            | 0           | 0               |
| Differential Output I/O Pairs | 0            | 0           | 0               |
+-------------------------------+--------------+-------------+-----------------+

Nets assigned to chip global resources
+--------+---------+------------------------------------------------------------------------------------------------------------+
| Fanout | Type    | Name                                                                                                       |
+--------+---------+------------------------------------------------------------------------------------------------------------+
| 7107   | INT_NET | Net   : CLOCKS_AND_RESETS_FIC_0_CLK                                                                        |
|        |         | Driver: CLOCKS_AND_RESETS_inst_0/CCC_FIC_x_CLK/PF_CCC_C0_0/clkint_0/U0_RGB1                                |
|        |         | Source: NETLIST                                                                                            |
| 3555   | INT_NET | Net   : CLOCKS_AND_RESETS_FIC_3_CLK                                                                        |
|        |         | Driver: CLOCKS_AND_RESETS_inst_0/CCC_FIC_x_CLK/PF_CCC_C0_0/clkint_12/U0_RGB1                               |
|        |         | Source: NETLIST                                                                                            |
| 2928   | INT_NET | Net   : FIC_0_PERIPHERALS_1/FIC0_INITIATOR_inst_0/FIC0_INITIATOR_0/sysReset_arst                           |
|        |         | Driver: FIC_0_PERIPHERALS_1/FIC0_INITIATOR_inst_0/FIC0_INITIATOR_0/arst_aclk_sync/sysReset_RNI0DTR/U0_RGB1 |
|        |         | Source: NETLIST                                                                                            |
| 2479   | INT_NET | Net   : dff_arst_0                                                                                         |
|        |         | Driver: CLOCKS_AND_RESETS_inst_0/RESET_FIC_0_CLK/CORERESET_0/dff_15_rep_RNIM0V24[0]/U0_RGB1                |
|        |         | Source: NETLIST                                                                                            |
| 2170   | INT_NET | Net   : CLOCKS_AND_RESETS_FIC_1_CLK                                                                        |
|        |         | Driver: CLOCKS_AND_RESETS_inst_0/CCC_FIC_x_CLK/PF_CCC_C0_0/clkint_4/U0_RGB1                                |
|        |         | Source: NETLIST                                                                                            |
| 1488   | INT_NET | Net   : FIC_0_PERIPHERALS_1/DMA_INITIATOR_inst_0/DMA_INITIATOR_0/sysReset_arst                             |
|        |         | Driver: FIC_0_PERIPHERALS_1/DMA_INITIATOR_inst_0/DMA_INITIATOR_0/arst_aclk_sync/sysReset_RNISKAM4/U0_RGB1  |
|        |         | Source: NETLIST                                                                                            |
| 1112   | INT_NET | Net   : FIC_1_PERIPHERALS_1/FIC_1_INITIATOR_0/FIC_1_INITIATOR_0/sysReset_arst                              |
|        |         | Driver: FIC_1_PERIPHERALS_1/FIC_1_INITIATOR_0/FIC_1_INITIATOR_0/arst_aclk_sync/sysReset_RNI0DTR/U0_RGB1    |
|        |         | Source: NETLIST                                                                                            |
| 1020   | INT_NET | Net   : FIC_1_PERIPHERALS_1/PCIE_INITIATOR_inst_0/PCIE_INITIATOR_0/sysReset_arst                           |
|        |         | Driver: FIC_1_PERIPHERALS_1/PCIE_INITIATOR_inst_0/PCIE_INITIATOR_0/arst_aclk_sync/sysReset_RNI0DTR/U0_RGB1 |
|        |         | Source: NETLIST                                                                                            |
| 1      | INT_NET | Net   : CLOCKS_AND_RESETS_inst_0/CLKINT_REF_CLK_50MHz_Y                                                    |
|        |         | Driver: CLOCKS_AND_RESETS_inst_0/CLKINT_REF_CLK_50MHz/U0_RGB1                                              |
|        |         | Source: NETLIST                                                                                            |
| 1      | INT_NET | Net   : CLOCKS_AND_RESETS_PCIe_CLK_125MHz                                                                  |
|        |         | Driver: CLOCKS_AND_RESETS_inst_0/GLITCHLESS_MUX_inst_0/GLITCHLESS_MUX_0/I_CLKINT/U0_RGB1                   |
|        |         | Source: NETLIST                                                                                            |
| 1      | INT_NET | Net   : CLOCKS_AND_RESETS_FIC_2_CLK                                                                        |
|        |         | Driver: CLOCKS_AND_RESETS_inst_0/CCC_FIC_x_CLK/PF_CCC_C0_0/clkint_8/U0_RGB1                                |
|        |         | Source: NETLIST                                                                                            |
+--------+---------+------------------------------------------------------------------------------------------------------------+

Nets assigned to row global resources
+--------+------+------+
| Fanout | Type | Name |
+--------+------+------+
+--------+------+------+

High fanout nets
+--------+---------+---------------------------------------------------------------------------------------------------------------------------------------------+
| Fanout | Type    | Name                                                                                                                                        |
+--------+---------+---------------------------------------------------------------------------------------------------------------------------------------------+
| 1356   | INT_NET | Net   : CLOCKS_AND_RESETS_inst_0_RESET_FIC_3_CLK_CORERESET_0_dff                                                                            |
|        |         | Driver: CLOCKS_AND_RESETS_inst_0/RESET_FIC_3_CLK/CORERESET_0/dff_15[0]                                                                      |
| 570    | INT_NET | Net   : FIC_3_PERIPHERALS_1/IHC_SUBSYSTEM_0/CHANNEL_E51_TO_U54_1_amp_miv_ihcc_ctrl_A_SEL[1]                                                 |
|        |         | Driver: FIC_3_PERIPHERALS_1/IHC_SUBSYSTEM_0/CHANNEL_E51_TO_U54_1/amp_miv_ihcc_ctrl/A_SEL_Z[1]                                               |
| 314    | INT_NET | Net   : FIC_3_PERIPHERALS_1/IHC_SUBSYSTEM_0/CHANNEL_E51_TO_U54_1_amp_miv_ihcc_ctrl_A_SEL[0]                                                 |
|        |         | Driver: FIC_3_PERIPHERALS_1/IHC_SUBSYSTEM_0/CHANNEL_E51_TO_U54_1/amp_miv_ihcc_ctrl/A_SEL_Z[0]                                               |
| 280    | INT_NET | Net   : MSS_WRAPPER_1_FIC_3_APB_INITIATOR_PADDR[11]                                                                                         |
|        |         | Driver: MSS_WRAPPER_1/ICICLE_MSS_inst_0/I_MSS                                                                                               |
| 268    | INT_NET | Net   : CLOCKS_AND_RESETS_inst_0_RESET_FIC_0_CLK_CORERESET_0_dff                                                                            |
|        |         | Driver: CLOCKS_AND_RESETS_inst_0/RESET_FIC_0_CLK/CORERESET_0/dff_15[0]                                                                      |
| 223    | INT_NET | Net   : MSS_WRAPPER_1_FIC_3_APB_INITIATOR_PADDR[10]                                                                                         |
|        |         | Driver: MSS_WRAPPER_1/ICICLE_MSS_inst_0/I_MSS                                                                                               |
| 192    | INT_NET | Net   : FIC_0_PERIPHERALS_1/DMA_CONTROLLER_inst_0/DMA_CONTROLLER_0/U_DMAController/externDscrptr_DscrptrSrcMux                              |
|        |         | Driver: FIC_0_PERIPHERALS_1/DMA_CONTROLLER_inst_0/DMA_CONTROLLER_0/U_DMAController/dscrptrSrcMux_inst/externDscrptr_0_a3                    |
| 170    | INT_NET | Net   : FIC_0_PERIPHERALS_1/DMA_CONTROLLER_inst_0/DMA_CONTROLLER_0/U_DMAController/DMATranCtrl/rdCache1Sel                                  |
|        |         | Driver: FIC_0_PERIPHERALS_1/DMA_CONTROLLER_inst_0/DMA_CONTROLLER_0/U_DMAController/DMATranCtrl/intErrorCtrl_inst/rdCache1Sel_fast           |
| 169    | INT_NET | Net   : FIC_0_PERIPHERALS_1/DMA_CONTROLLER_inst_0/DMA_CONTROLLER_0/U_DMAController/extDscrptrFetchFSM_inst/un1_dataValidReg_d_0_sqmuxa_0_Z  |
|        |         | Driver: FIC_0_PERIPHERALS_1/DMA_CONTROLLER_inst_0/DMA_CONTROLLER_0/U_DMAController/extDscrptrFetchFSM_inst/un1_dataValidReg_d_0_sqmuxa_0    |
| 166    | INT_NET | Net   : FIC_0_PERIPHERALS_1/DMA_CONTROLLER_inst_0/DMA_CONTROLLER_0/U_DMAController/DMATranCtrl/strDscrptr_wrTranQueue15                     |
|        |         | Driver: FIC_0_PERIPHERALS_1/DMA_CONTROLLER_inst_0/DMA_CONTROLLER_0/U_DMAController/DMATranCtrl/rdTranQueue_inst/intDscrptrNum_rdTranQueue15 |
+--------+---------+---------------------------------------------------------------------------------------------------------------------------------------------+

High fanout nets (through buffer trees)
+--------+---------+---------------------------------------------------------------------------------------------------------------------------------------------+
| Fanout | Type    | Name                                                                                                                                        |
+--------+---------+---------------------------------------------------------------------------------------------------------------------------------------------+
| 1356   | INT_NET | Net   : CLOCKS_AND_RESETS_inst_0_RESET_FIC_3_CLK_CORERESET_0_dff                                                                            |
|        |         | Driver: CLOCKS_AND_RESETS_inst_0/RESET_FIC_3_CLK/CORERESET_0/dff_15[0]                                                                      |
| 570    | INT_NET | Net   : FIC_3_PERIPHERALS_1/IHC_SUBSYSTEM_0/CHANNEL_E51_TO_U54_1_amp_miv_ihcc_ctrl_A_SEL[1]                                                 |
|        |         | Driver: FIC_3_PERIPHERALS_1/IHC_SUBSYSTEM_0/CHANNEL_E51_TO_U54_1/amp_miv_ihcc_ctrl/A_SEL_Z[1]                                               |
| 314    | INT_NET | Net   : FIC_3_PERIPHERALS_1/IHC_SUBSYSTEM_0/CHANNEL_E51_TO_U54_1_amp_miv_ihcc_ctrl_A_SEL[0]                                                 |
|        |         | Driver: FIC_3_PERIPHERALS_1/IHC_SUBSYSTEM_0/CHANNEL_E51_TO_U54_1/amp_miv_ihcc_ctrl/A_SEL_Z[0]                                               |
| 280    | INT_NET | Net   : MSS_WRAPPER_1_FIC_3_APB_INITIATOR_PADDR[11]                                                                                         |
|        |         | Driver: MSS_WRAPPER_1/ICICLE_MSS_inst_0/I_MSS                                                                                               |
| 268    | INT_NET | Net   : CLOCKS_AND_RESETS_inst_0_RESET_FIC_0_CLK_CORERESET_0_dff                                                                            |
|        |         | Driver: CLOCKS_AND_RESETS_inst_0/RESET_FIC_0_CLK/CORERESET_0/dff_15[0]                                                                      |
| 223    | INT_NET | Net   : MSS_WRAPPER_1_FIC_3_APB_INITIATOR_PADDR[10]                                                                                         |
|        |         | Driver: MSS_WRAPPER_1/ICICLE_MSS_inst_0/I_MSS                                                                                               |
| 192    | INT_NET | Net   : FIC_0_PERIPHERALS_1/DMA_CONTROLLER_inst_0/DMA_CONTROLLER_0/U_DMAController/externDscrptr_DscrptrSrcMux                              |
|        |         | Driver: FIC_0_PERIPHERALS_1/DMA_CONTROLLER_inst_0/DMA_CONTROLLER_0/U_DMAController/dscrptrSrcMux_inst/externDscrptr_0_a3                    |
| 170    | INT_NET | Net   : FIC_0_PERIPHERALS_1/DMA_CONTROLLER_inst_0/DMA_CONTROLLER_0/U_DMAController/DMATranCtrl/rdCache1Sel                                  |
|        |         | Driver: FIC_0_PERIPHERALS_1/DMA_CONTROLLER_inst_0/DMA_CONTROLLER_0/U_DMAController/DMATranCtrl/intErrorCtrl_inst/rdCache1Sel_fast           |
| 169    | INT_NET | Net   : FIC_0_PERIPHERALS_1/DMA_CONTROLLER_inst_0/DMA_CONTROLLER_0/U_DMAController/extDscrptrFetchFSM_inst/un1_dataValidReg_d_0_sqmuxa_0_Z  |
|        |         | Driver: FIC_0_PERIPHERALS_1/DMA_CONTROLLER_inst_0/DMA_CONTROLLER_0/U_DMAController/extDscrptrFetchFSM_inst/un1_dataValidReg_d_0_sqmuxa_0    |
| 166    | INT_NET | Net   : FIC_0_PERIPHERALS_1/DMA_CONTROLLER_inst_0/DMA_CONTROLLER_0/U_DMAController/DMATranCtrl/strDscrptr_wrTranQueue15                     |
|        |         | Driver: FIC_0_PERIPHERALS_1/DMA_CONTROLLER_inst_0/DMA_CONTROLLER_0/U_DMAController/DMATranCtrl/rdTranQueue_inst/intDscrptrNum_rdTranQueue15 |
+--------+---------+---------------------------------------------------------------------------------------------------------------------------------------------+

